<?xml version="1.0" encoding="UTF-8"?>
<!-- Generated by org.testng.reporters.JUnitReportReporter -->
<testsuite skipped="0" hostname="LAPTOP-A313QKMS-rajesh" name="com.mobiotics.hits.TESTCASES.Product_AddAllA_cartePageTest" tests="1" failures="0" timestamp="18 Jun 2019 12:48:05 GMT" time="59.525" errors="0">
  <testcase name="addAllA_CartePageTest" time="59.525" classname="com.mobiotics.hits.TESTCASES.Product_AddAllA_cartePageTest"/>
</testsuite> <!-- com.mobiotics.hits.TESTCASES.Product_AddAllA_cartePageTest -->
