<?xml version="1.0" encoding="UTF-8"?>
<!-- Generated by org.testng.reporters.JUnitReportReporter -->
<testsuite skipped="0" hostname="LAPTOP-A313QKMS-rajesh" name="com.mobiotics.hits.TESTCASES.Device_ListDevicesPageTest" tests="1" failures="0" timestamp="12 Jul 2019 09:38:48 GMT" time="112.563" errors="0">
  <testcase name="ListDevicePageTest" time="112.563" classname="com.mobiotics.hits.TESTCASES.Device_ListDevicesPageTest"/>
</testsuite> <!-- com.mobiotics.hits.TESTCASES.Device_ListDevicesPageTest -->
