<?xml version="1.0" encoding="UTF-8"?>
<!-- Generated by org.testng.reporters.JUnitReportReporter -->
<testsuite skipped="0" hostname="LAPTOP-A313QKMS-rajesh" name="com.mobiotics.hits.TESTCASES.Product_AddNxtPayBouquet" tests="1" failures="0" timestamp="12 Jul 2019 07:09:37 GMT" time="26.510" errors="0">
  <testcase name="addNxt_PayBouquet" time="26.510" classname="com.mobiotics.hits.TESTCASES.Product_AddNxtPayBouquet"/>
</testsuite> <!-- com.mobiotics.hits.TESTCASES.Product_AddNxtPayBouquet -->
