<?xml version="1.0" encoding="UTF-8"?>
<!-- Generated by org.testng.reporters.JUnitReportReporter -->
<testsuite skipped="0" hostname="LAPTOP-A313QKMS-rajesh" name="com.mobiotics.hits.TESTCASES.Payment_AddPaymentPageTest" tests="1" failures="0" timestamp="02 Apr 2019 06:54:34 GMT" time="85.120" errors="0">
  <testcase name="testPayment_AddPaymentPageTest" time="85.120" classname="com.mobiotics.hits.TESTCASES.Payment_AddPaymentPageTest"/>
</testsuite> <!-- com.mobiotics.hits.TESTCASES.Payment_AddPaymentPageTest -->
