<?xml version="1.0" encoding="UTF-8"?>
<!-- Generated by org.testng.reporters.JUnitReportReporter -->
<testsuite skipped="0" hostname="LAPTOP-A313QKMS-rajesh" name="com.mobiotics.hits.TESTCASES.AddNxtPayBouquet1PageTest" tests="1" failures="0" timestamp="12 Jul 2019 08:45:08 GMT" time="29.276" errors="0">
  <testcase name="addNxtPayBouquet1" time="29.276" classname="com.mobiotics.hits.TESTCASES.AddNxtPayBouquet1PageTest"/>
</testsuite> <!-- com.mobiotics.hits.TESTCASES.AddNxtPayBouquet1PageTest -->
