<?xml version="1.0" encoding="UTF-8"?>
<!-- Generated by org.testng.reporters.JUnitReportReporter -->
<testsuite skipped="0" hostname="LAPTOP-A313QKMS-rajesh" name="com.mobiotics.hits.TESTCASES.Connection_ActivatePending_PlansPage" tests="1" failures="0" timestamp="12 Jul 2019 08:41:53 GMT" time="33.780" errors="0">
  <testcase name="activatePendingPlanTest" time="33.780" classname="com.mobiotics.hits.TESTCASES.Connection_ActivatePending_PlansPage"/>
</testsuite> <!-- com.mobiotics.hits.TESTCASES.Connection_ActivatePending_PlansPage -->
