<?xml version="1.0" encoding="UTF-8"?>
<!-- Generated by org.testng.reporters.JUnitReportReporter -->
<testsuite skipped="0" hostname="LAPTOP-A313QKMS-rajesh" name="listnerDemo.MyFirstTestCase" tests="1" failures="0" timestamp="19 Apr 2019 06:42:28 GMT" time="10.265" errors="0">
  <testcase name="GoogleTitletest" time="10.265" classname="listnerDemo.MyFirstTestCase"/>
</testsuite> <!-- listnerDemo.MyFirstTestCase -->
