<?xml version="1.0" encoding="UTF-8"?>
<!-- Generated by org.testng.reporters.JUnitReportReporter -->
<testsuite skipped="0" hostname="LAPTOP-A313QKMS-rajesh" name="com.mobiotics.hits.TESTCASES.OSDMsgServiceTest" tests="1" failures="0" timestamp="18 Jun 2019 12:48:05 GMT" time="21.621" errors="0">
  <testcase name="testDevice_OSDMessageServicePageTest" time="21.621" classname="com.mobiotics.hits.TESTCASES.OSDMsgServiceTest"/>
</testsuite> <!-- com.mobiotics.hits.TESTCASES.OSDMsgServiceTest -->
