<?xml version="1.0" encoding="UTF-8"?>
<!-- Generated by org.testng.reporters.JUnitReportReporter -->
<testsuite skipped="0" hostname="LAPTOP-A313QKMS-rajesh" name="com.mobiotics.hits.TESTCASES.Customer_ModifyCustomerPageTest" tests="1" failures="0" timestamp="12 Jul 2019 09:22:36 GMT" time="34.102" errors="0">
  <testcase name="testCustomer_ModifyCustomerPageTest" time="34.102" classname="com.mobiotics.hits.TESTCASES.Customer_ModifyCustomerPageTest"/>
</testsuite> <!-- com.mobiotics.hits.TESTCASES.Customer_ModifyCustomerPageTest -->
