<?xml version="1.0" encoding="UTF-8"?>
<!-- Generated by org.testng.reporters.JUnitReportReporter -->
<testsuite skipped="0" hostname="LAPTOP-A313QKMS-rajesh" name="com.mobiotics.hits.TESTCASES.Customer_SubscriberPageTest" tests="1" failures="0" timestamp="12 Jul 2019 09:31:49 GMT" time="31.683" errors="0">
  <testcase name="subscriberPage_Test" time="31.683" classname="com.mobiotics.hits.TESTCASES.Customer_SubscriberPageTest"/>
</testsuite> <!-- com.mobiotics.hits.TESTCASES.Customer_SubscriberPageTest -->
