<?xml version="1.0" encoding="UTF-8"?>
<!-- Generated by org.testng.reporters.JUnitReportReporter -->
<testsuite skipped="0" hostname="rajesh-HP-Notebook" name="com.mobiotics.hits.TESTCASES.AddNxtPayBouquet1PageTest" tests="1" failures="0" timestamp="16 Jul 2019 14:31:45 GMT" time="82.194" errors="0">
  <testcase name="addNxtPayBouquet1" time="82.194" classname="com.mobiotics.hits.TESTCASES.AddNxtPayBouquet1PageTest"/>
</testsuite> <!-- com.mobiotics.hits.TESTCASES.AddNxtPayBouquet1PageTest -->
