<?xml version="1.0" encoding="UTF-8"?>
<!-- Generated by org.testng.reporters.JUnitReportReporter -->
<testsuite skipped="0" hostname="LAPTOP-A313QKMS-rajesh" name="com.mobiotics.hits.TESTCASES.Report_JobReport" tests="1" failures="0" timestamp="18 Jun 2019 12:48:05 GMT" time="128.649" errors="0">
  <testcase name="Report_JobReportPageTest" time="128.649" classname="com.mobiotics.hits.TESTCASES.Report_JobReport"/>
</testsuite> <!-- com.mobiotics.hits.TESTCASES.Report_JobReport -->
